# JRE version: Java(TM) SE Runtime Environment 18.9 (11.0.22+9) (build 11.0.22+9-LTS-219)
# Java VM: Java HotSpot(TM) 64-Bit Server VM 18.9 (11.0.22+9-LTS-219, mixed mode, tiered, compressed oops, g1 gc, windows-amd64)
Heap:
 garbage-first heap   total 375808K, used 278097K [0x00000000e0000000, 0x0000000100000000)
  region size 1024K, 3 young (3072K), 3 survivors (3072K)
 Metaspace       used 99840K, capacity 102571K, committed 103200K, reserved 344064K
  class space    used 12662K, capacity 13658K, committed 13952K, reserved 253952K
GC Heap History (10 events):
Event: 139.988 GC heap after
{Heap after GC invocations=217 (full 0):
 garbage-first heap   total 316416K, used 268385K [0x00000000e0000000, 0x0000000100000000)
  region size 1024K, 2 young (2048K), 2 survivors (2048K)
 Metaspace       used 99831K, capacity 102567K, committed 103200K, reserved 344064K
  class space    used 12661K, capacity 13657K, committed 13952K, reserved 253952K
}
Event: 140.022 GC heap before
{Heap before GC invocations=217 (full 0):
 garbage-first heap   total 316416K, used 280673K [0x00000000e0000000, 0x0000000100000000)
  region size 1024K, 15 young (15360K), 2 survivors (2048K)
 Metaspace       used 99831K, capacity 102567K, committed 103200K, reserved 344064K
  class space    used 12661K, capacity 13657K, committed 13952K, reserved 253952K
}
Event: 140.031 GC heap after
{Heap after GC invocations=218 (full 0):
 garbage-first heap   total 337920K, used 270225K [0x00000000e0000000, 0x0000000100000000)
  region size 1024K, 2 young (2048K), 2 survivors (2048K)
 Metaspace       used 99831K, capacity 102567K, committed 103200K, reserved 344064K
  class space    used 12661K, capacity 13657K, committed 13952K, reserved 253952K
}
Event: 140.116 GC heap before
{Heap before GC invocations=218 (full 0):
 garbage-first heap   total 337920K, used 290705K [0x00000000e0000000, 0x0000000100000000)
  region size 1024K, 23 young (23552K), 2 survivors (2048K)
 Metaspace       used 99840K, capacity 102571K, committed 103200K, reserved 344064K
  class space    used 12662K, capacity 13658K, committed 13952K, reserved 253952K
}
Event: 140.125 GC heap after
{Heap after GC invocations=219 (full 0):
 garbage-first heap   total 337920K, used 272003K [0x00000000e0000000, 0x0000000100000000)
  region size 1024K, 3 young (3072K), 3 survivors (3072K)
 Metaspace       used 99840K, capacity 102571K, committed 103200K, reserved 344064K
  class space    used 12662K, capacity 13658K, committed 13952K, reserved 253952K
}
Event: 140.166 GC heap before
{Heap before GC invocations=219 (full 0):
 garbage-first heap   total 337920K, used 291459K [0x00000000e0000000, 0x0000000100000000)
  region size 1024K, 23 young (23552K), 3 survivors (3072K)
 Metaspace       used 99840K, capacity 102571K, committed 103200K, reserved 344064K
  class space    used 12662K, capacity 13658K, committed 13952K, reserved 253952K
}
Event: 140.178 GC heap after
{Heap after GC invocations=220 (full 0):
 garbage-first heap   total 337920K, used 274203K [0x00000000e0000000, 0x0000000100000000)
  region size 1024K, 3 young (3072K), 3 survivors (3072K)
 Metaspace       used 99840K, capacity 102571K, committed 103200K, reserved 344064K
  class space    used 12662K, capacity 13658K, committed 13952K, reserved 253952K
}
Event: 140.230 GC heap before
{Heap before GC invocations=220 (full 0):
 garbage-first heap   total 337920K, used 293659K [0x00000000e0000000, 0x0000000100000000)
  region size 1024K, 23 young (23552K), 3 survivors (3072K)
 Metaspace       used 99840K, capacity 102571K, committed 103200K, reserved 344064K
  class space    used 12662K, capacity 13658K, committed 13952K, reserved 253952K
}
Event: 140.240 GC heap after
{Heap after GC invocations=221 (full 0):
 garbage-first heap   total 337920K, used 275974K [0x00000000e0000000, 0x0000000100000000)
  region size 1024K, 3 young (3072K), 3 survivors (3072K)
 Metaspace       used 99840K, capacity 102571K, committed 103200K, reserved 344064K
  class space    used 12662K, capacity 13658K, committed 13952K, reserved 253952K
}
Event: 140.276 GC heap before
{Heap before GC invocations=221 (full 0):
 garbage-first heap   total 337920K, used 294406K [0x00000000e0000000, 0x0000000100000000)
  region size 1024K, 22 young (22528K), 3 survivors (3072K)
 Metaspace       used 99840K, capacity 102571K, committed 103200K, reserved 344064K
  class space    used 12662K, capacity 13658K, committed 13952K, reserved 253952K
}

